<?xml version="1.0" encoding="UTF-8"?>
<testng-results ignored="0" total="3" passed="3" failed="0" skipped="0">
  <reporter-output>
  </reporter-output>
  <suite started-at="2023-10-25T20:50:46 IST" name="Suite" finished-at="2023-10-25T20:51:04 IST" duration-ms="18134">
    <groups>
    </groups>
    <test started-at="2023-10-25T20:50:46 IST" name="Test" finished-at="2023-10-25T20:51:04 IST" duration-ms="18134">
      <class name="mavenpractice.ReadDataFromCmdLineTest">
        <test-method signature="read()[pri:0, instance:mavenpractice.ReadDataFromCmdLineTest@3ba9ad43]" started-at="2023-10-25T20:51:04 IST" name="read" finished-at="2023-10-25T20:51:04 IST" duration-ms="1" status="PASS">
          <reporter-output>
          </reporter-output>
        </test-method> <!-- read -->
      </class> <!-- mavenpractice.ReadDataFromCmdLineTest -->
      <class name="mavenpractice.LaunchBrowserTest">
        <test-method signature="launchBrowser()[pri:0, instance:mavenpractice.LaunchBrowserTest@1d119efb]" started-at="2023-10-25T20:50:46 IST" name="launchBrowser" finished-at="2023-10-25T20:50:56 IST" duration-ms="9970" status="PASS">
          <reporter-output>
          </reporter-output>
        </test-method> <!-- launchBrowser -->
        <test-method signature="launchEdgeBrowser()[pri:0, instance:mavenpractice.LaunchBrowserTest@1d119efb]" started-at="2023-10-25T20:50:56 IST" name="launchEdgeBrowser" finished-at="2023-10-25T20:51:04 IST" duration-ms="8129" status="PASS">
          <reporter-output>
          </reporter-output>
        </test-method> <!-- launchEdgeBrowser -->
      </class> <!-- mavenpractice.LaunchBrowserTest -->
    </test> <!-- Test -->
  </suite> <!-- Suite -->
</testng-results>
