<?xml version="1.0" encoding="UTF-8"?>
<testng-results ignored="0" total="1" passed="1" failed="0" skipped="0">
  <reporter-output>
  </reporter-output>
  <suite started-at="2023-10-25T19:57:20 IST" name="Default suite" finished-at="2023-10-25T19:57:20 IST" duration-ms="49">
    <groups>
    </groups>
    <test started-at="2023-10-25T19:57:20 IST" name="Default test" finished-at="2023-10-25T19:57:20 IST" duration-ms="49">
      <class name="mavenpractice.ReadDataFromCmdLine">
        <test-method signature="read()[pri:0, instance:mavenpractice.ReadDataFromCmdLine@47af7f3d]" started-at="2023-10-25T19:57:20 IST" name="read" finished-at="2023-10-25T19:57:20 IST" duration-ms="12" status="PASS">
          <reporter-output>
          </reporter-output>
        </test-method> <!-- read -->
      </class> <!-- mavenpractice.ReadDataFromCmdLine -->
    </test> <!-- Default test -->
  </suite> <!-- Default suite -->
</testng-results>
