<?xml version="1.0" encoding="UTF-8"?>
<!-- Generated by org.testng.reporters.JUnitXMLReporter -->
<testsuite ignored="0" hostname="NGBLR-03222" failures="0" tests="3" name="Test" time="18.134" errors="0" timestamp="2023-10-25T20:51:04 IST">
  <testcase classname="mavenpractice.LaunchBrowserTest" name="launchBrowser" time="9.97"/>
  <testcase classname="mavenpractice.LaunchBrowserTest" name="launchEdgeBrowser" time="8.129"/>
  <testcase classname="mavenpractice.ReadDataFromCmdLineTest" name="read" time="0.001"/>
</testsuite> <!-- Test -->
