<?xml version="1.0" encoding="UTF-8"?>
<testng-results ignored="0" total="1" passed="1" failed="0" skipped="0">
  <reporter-output>
  </reporter-output>
  <suite started-at="2023-09-22T18:33:52 IST" name="Default suite" finished-at="2023-09-22T18:33:52 IST" duration-ms="40">
    <groups>
    </groups>
    <test started-at="2023-09-22T18:33:52 IST" name="Default test" finished-at="2023-09-22T18:33:52 IST" duration-ms="40">
      <class name="Framework.SoftAssert">
        <test-method signature="SoftAssertExample()[pri:0, instance:Framework.SoftAssert@130d63be]" started-at="2023-09-22T18:33:52 IST" name="SoftAssertExample" finished-at="2023-09-22T18:33:52 IST" duration-ms="8" status="PASS">
          <reporter-output>
          </reporter-output>
        </test-method> <!-- SoftAssertExample -->
      </class> <!-- Framework.SoftAssert -->
    </test> <!-- Default test -->
  </suite> <!-- Default suite -->
</testng-results>
